<?xml version="1.0" encoding="UTF-8"?>
<!-- Generated by org.testng.reporters.JUnitXMLReporter -->
<testsuite hostname="LAPTOP-FTNGIE46" failures="0" tests="4" name="Nopackage" time="0.037" errors="0" timestamp="7 Nov 2022 14:10:59 GMT">
  <testcase classname="testNG.TestNG_Example1" name="addEmp" time="0.006"/>
  <testcase classname="testNG.TestNG_Example1" name="dltEmp" time="0.003"/>
  <testcase classname="testNG.TestNG_Example2" name="dltEmp" time="0.003"/>
  <testcase classname="testNG.TestNG_Example2" name="addEmp" time="0.002"/>
</testsuite> <!-- Nopackage -->
