<?xml version="1.0" encoding="UTF-8"?>
<!-- Generated by org.testng.reporters.JUnitXMLReporter -->
<testsuite hostname="LAPTOP-FTNGIE46" failures="0" tests="4" name="Nopackage" time="0.036" errors="0" timestamp="8 Nov 2022 04:52:13 GMT">
  <testcase classname="testNG.TestNG_Example1" name="addEmp" time="0.005"/>
  <testcase classname="testNG.TestNG_Example1" name="dltEmp" time="0.001"/>
  <testcase classname="testNG.TestNG_Example2" name="dltEmp" time="0.003"/>
  <testcase classname="testNG.TestNG_Example2" name="addEmp" time="0.003"/>
</testsuite> <!-- Nopackage -->
